platforms/android/app/build/outputs/logs/manifest-merger-debug-report.txt
-- Merging decision tree log ---
manifest
ADDED from src\main\AndroidManifest.xml:2:1-78:12
	package
		ADDED from src\main\AndroidManifest.xml:4:11-38
		INJECTED from src\main\AndroidManifest.xml
		INJECTED from src\main\AndroidManifest.xml
	android:versionName
		INJECTED from src\main\AndroidManifest.xml
		INJECTED from src\main\AndroidManifest.xml
	xmlns:tools
		ADDED from src\main\AndroidManifest.xml:3:11-57
	xmlns:android
		ADDED from src\main\AndroidManifest.xml:2:11-69
	android:versionCode
		INJECTED from src\main\AndroidManifest.xml
		INJECTED from src\main\AndroidManifest.xml
uses-permission#android.permission.INTERNET
ADDED from src\main\AndroidManifest.xml:6:5-66
MERGED from [com.instapp.nat:device-network:2.0.1] AndroidManifest.xml:11:5-67
MERGED from [com.instapp.nat:geolocation:2.0.0] AndroidManifest.xml:13:5-67
MERGED from [com.instapp.nat:media-audio:2.0.0] AndroidManifest.xml:11:5-67
MERGED from [com.instapp.nat:media-image:2.0.1] AndroidManifest.xml:12:5-67
MERGED from [com.instapp.nat:media-video:2.0.0] AndroidManifest.xml:11:5-67
MERGED from [com.instapp.nat:stream:2.0.0] AndroidManifest.xml:11:5-67
MERGED from [com.instapp.nat:transfer:2.0.0] AndroidManifest.xml:11:5-67
	android:name
		ADDED from src\main\AndroidManifest.xml:6:22-64
uses-permission#android.permission.WRITE_EXTERNAL_STORAGE
ADDED from src\main\AndroidManifest.xml:7:5-80
MERGED from [com.instapp.nat:camera:2.0.0] AndroidManifest.xml:12:5-81
MERGED from [com.instapp.nat:media-image:2.0.1] AndroidManifest.xml:13:5-81
MERGED from [com.instapp.nat:recorder:2.0.0] AndroidManifest.xml:13:5-81
MERGED from [com.kailashdabhi:om-recorder:1.1.0] AndroidManifest.xml:10:5-81
MERGED from [com.instapp.nat:transfer:2.0.0] AndroidManifest.xml:12:5-81
	android:name
		ADDED from src\main\AndroidManifest.xml:7:22-78
uses-permission#android.permission.READ_EXTERNAL_STORAGE
ADDED from src\main\AndroidManifest.xml:8:5-79
MERGED from [com.instapp.nat:camera:2.0.0] AndroidManifest.xml:13:5-80
MERGED from [com.instapp.nat:media-audio:2.0.0] AndroidManifest.xml:12:5-80
MERGED from [com.instapp.nat:media-image:2.0.1] AndroidManifest.xml:14:5-80
MERGED from [com.instapp.nat:media-video:2.0.0] AndroidManifest.xml:12:5-80
MERGED from [com.instapp.nat:recorder:2.0.0] AndroidManifest.xml:14:5-80
MERGED from [com.kailashdabhi:om-recorder:1.1.0] AndroidManifest.xml:11:5-80
MERGED from [com.instapp.nat:transfer:2.0.0] AndroidManifest.xml:13:5-80
	android:name
		ADDED from src\main\AndroidManifest.xml:8:22-77
uses-permission#android.permission.CAMERA
ADDED from src\main\AndroidManifest.xml:9:5-64
MERGED from [com.instapp.nat:camera:2.0.0] AndroidManifest.xml:11:5-65
MERGED from [com.instapp.nat:media-image:2.0.1] AndroidManifest.xml:15:5-65
MERGED from [com.journeyapps:zxing-android-embedded:3.4.0] AndroidManifest.xml:21:5-65
	android:name
		ADDED from src\main\AndroidManifest.xml:9:22-62
uses-permission#android.permission.ACCESS_WIFI_STATE
ADDED from src\main\AndroidManifest.xml:10:5-75
	android:name
		ADDED from src\main\AndroidManifest.xml:10:22-73
uses-permission#android.permission.ACCESS_NETWORK_STATE
ADDED from src\main\AndroidManifest.xml:11:5-78
	android:name
		ADDED from src\main\AndroidManifest.xml:11:22-76
uses-permission#com.android.launcher.permission.INSTALL_SHORTCUT
ADDED from src\main\AndroidManifest.xml:12:5-87
	android:name
		ADDED from src\main\AndroidManifest.xml:12:22-85
uses-permission#android.permission.SYSTEM_ALERT_WINDOW
ADDED from src\main\AndroidManifest.xml:13:5-77
	android:name
		ADDED from src\main\AndroidManifest.xml:13:22-75
uses-permission#android.permission.SYSTEM_OVERLAY_WINDOW
ADDED from src\main\AndroidManifest.xml:14:5-79
	android:name
		ADDED from src\main\AndroidManifest.xml:14:22-77
uses-permission#android.permission.VIBRATE
ADDED from src\main\AndroidManifest.xml:15:5-65
MERGED from [com.instapp.nat:device-vibration:2.0.0] AndroidManifest.xml:11:5-66
	android:name
		ADDED from src\main\AndroidManifest.xml:15:22-63
uses-permission#android.permission.READ_PHONE_STATE
ADDED from src\main\AndroidManifest.xml:16:5-74
	android:name
		ADDED from src\main\AndroidManifest.xml:16:22-72
uses-permission#android.permission.INTERNAL_SYSTEM_WINDOW
ADDED from src\main\AndroidManifest.xml:17:5-81
	android:name
		ADDED from src\main\AndroidManifest.xml:17:22-78
uses-permission#android.permission.READ_LOGS
ADDED from src\main\AndroidManifest.xml:18:5-68
	android:name
		ADDED from src\main\AndroidManifest.xml:18:22-65
uses-feature#android.hardware.camera
ADDED from src\main\AndroidManifest.xml:20:5-59
MERGED from [com.journeyapps:zxing-android-embedded:3.4.0] AndroidManifest.xml:24:5-26:36
	android:name
		ADDED from src\main\AndroidManifest.xml:20:19-57
uses-feature#android.hardware.camera.autofocus
ADDED from src\main\AndroidManifest.xml:21:5-69
MERGED from [com.journeyapps:zxing-android-embedded:3.4.0] AndroidManifest.xml:32:5-34:36
	android:name
		ADDED from src\main\AndroidManifest.xml:21:19-67
application
ADDED from src\main\AndroidManifest.xml:23:5-76:19
MERGED from [com.instapp.nat:camera:2.0.0] AndroidManifest.xml:15:5-19:19
MERGED from [com.instapp.nat:communication:2.0.0] AndroidManifest.xml:13:5-17:19
MERGED from [com.instapp.nat:device-battery:2.0.0] AndroidManifest.xml:11:5-15:19
MERGED from [com.instapp.nat:device-info:2.0.1] AndroidManifest.xml:11:5-15:19
MERGED from [com.instapp.nat:device-network:2.0.1] AndroidManifest.xml:13:5-17:19
MERGED from [com.instapp.nat:device-screen:2.0.0] AndroidManifest.xml:13:5-17:19
MERGED from [com.instapp.nat:device-vibration:2.0.0] AndroidManifest.xml:13:5-17:19
MERGED from [com.instapp.nat:device-volume:2.0.0] AndroidManifest.xml:11:5-15:19
MERGED from [com.instapp.nat:geolocation:2.0.0] AndroidManifest.xml:15:5-19:19
MERGED from [com.instapp.nat:media-audio:2.0.0] AndroidManifest.xml:14:5-18:19
MERGED from [com.instapp.nat:media-image:2.0.1] AndroidManifest.xml:17:5-29:19
MERGED from [com.instapp.nat:media-video:2.0.0] AndroidManifest.xml:14:5-19:19
MERGED from [com.instapp.nat:modal:2.0.0] AndroidManifest.xml:11:5-15:19
MERGED from [com.instapp.nat:recorder:2.0.0] AndroidManifest.xml:16:5-21:19
MERGED from [com.kailashdabhi:om-recorder:1.1.0] AndroidManifest.xml:13:5-17:19
MERGED from [com.instapp.nat:permission:2.0.1] AndroidManifest.xml:11:5-15:19
MERGED from [com.instapp.nat:sensor-accelerometer:2.0.0] AndroidManifest.xml:11:5-15:19
MERGED from [com.instapp.nat:sensor-compass:2.0.0] AndroidManifest.xml:11:5-15:19
MERGED from [com.instapp.nat:stream:2.0.0] AndroidManifest.xml:13:5-17:19
MERGED from [com.instapp.nat:transfer:2.0.0] AndroidManifest.xml:15:5-19:19
MERGED from [com.taobao.android:weex_sdk:0.18.0] AndroidManifest.xml:29:5-35:19
MERGED from [com.android.support:design:26.1.0] AndroidManifest.xml:25:5-29:19
MERGED from [com.android.support:recyclerview-v7:26.1.0] AndroidManifest.xml:22:5-26:19
MERGED from [com.android.support:transition:26.1.0] AndroidManifest.xml:22:5-26:19
MERGED from [com.taobao.android:weex_inspector:0.13.5-multicontext] AndroidManifest.xml:13:5-20:19
MERGED from [com.android.support:appcompat-v7:26.1.0] AndroidManifest.xml:25:5-29:19
MERGED from [com.android.support:animated-vector-drawable:26.1.0] AndroidManifest.xml:22:5-26:19
MERGED from [com.android.support:support-vector-drawable:26.1.0] AndroidManifest.xml:22:5-26:19
MERGED from [com.journeyapps:zxing-android-embedded:3.4.0] AndroidManifest.xml:45:5-53:19
MERGED from [com.android.support:support-v4:26.1.0] AndroidManifest.xml:25:5-29:19
MERGED from [com.android.support:support-media-compat:26.1.0] AndroidManifest.xml:25:5-29:19
MERGED from [com.android.support:support-fragment:26.1.0] AndroidManifest.xml:25:5-29:19
MERGED from [com.android.support:support-core-ui:26.1.0] AndroidManifest.xml:25:5-29:19
MERGED from [com.android.support:support-core-utils:26.1.0] AndroidManifest.xml:25:5-29:19
MERGED from [com.android.support:support-compat:26.1.0] AndroidManifest.xml:25:5-29:19
MERGED from [android.arch.lifecycle:runtime:1.0.0] AndroidManifest.xml:24:5-28:19
MERGED from [com.taobao.android:weexplugin-loader:1.3] AndroidManifest.xml:9:5-13:19
	android:label
		ADDED from src\main\AndroidManifest.xml:27:9-41
	android:supportsRtl
		ADDED from src\main\AndroidManifest.xml:28:9-35
	tools:overrideLibrary
		ADDED from src\main\AndroidManifest.xml:30:9-60
	android:allowBackup
		ADDED from src\main\AndroidManifest.xml:25:9-36
		REJECTED from [com.instapp.nat:camera:2.0.0] AndroidManifest.xml:16:9-36
		REJECTED from [com.instapp.nat:communication:2.0.0] AndroidManifest.xml:14:9-36
		REJECTED from [com.instapp.nat:device-battery:2.0.0] AndroidManifest.xml:12:9-36
		REJECTED from [com.instapp.nat:device-info:2.0.1] AndroidManifest.xml:12:9-36
		REJECTED from [com.instapp.nat:device-network:2.0.1] AndroidManifest.xml:14:9-36
		REJECTED from [com.instapp.nat:device-screen:2.0.0] AndroidManifest.xml:14:9-36
		REJECTED from [com.instapp.nat:device-vibration:2.0.0] AndroidManifest.xml:14:9-36
		REJECTED from [com.instapp.nat:device-volume:2.0.0] AndroidManifest.xml:12:9-36
		REJECTED from [com.instapp.nat:geolocation:2.0.0] AndroidManifest.xml:16:9-36
		REJECTED from [com.instapp.nat:media-audio:2.0.0] AndroidManifest.xml:15:9-36
		REJECTED from [com.instapp.nat:media-image:2.0.1] AndroidManifest.xml:18:9-36
		REJECTED from [com.instapp.nat:media-video:2.0.0] AndroidManifest.xml:15:9-36
		REJECTED from [com.instapp.nat:modal:2.0.0] AndroidManifest.xml:12:9-36
		REJECTED from [com.instapp.nat:recorder:2.0.0] AndroidManifest.xml:17:9-36
		REJECTED from [com.kailashdabhi:om-recorder:1.1.0] AndroidManifest.xml:14:9-35
		REJECTED from [com.instapp.nat:permission:2.0.1] AndroidManifest.xml:12:9-36
		REJECTED from [com.instapp.nat:sensor-accelerometer:2.0.0] AndroidManifest.xml:12:9-36
		REJECTED from [com.instapp.nat:sensor-compass:2.0.0] AndroidManifest.xml:12:9-36
		REJECTED from [com.instapp.nat:stream:2.0.0] AndroidManifest.xml:14:9-36
		REJECTED from [com.instapp.nat:transfer:2.0.0] AndroidManifest.xml:16:9-36
		REJECTED from [com.taobao.android:weex_inspector:0.13.5-multicontext] AndroidManifest.xml:13:18-45
		REJECTED from [com.taobao.android:weexplugin-loader:1.3] AndroidManifest.xml:10:9-36
	android:icon
		ADDED from src\main\AndroidManifest.xml:26:9-43
	android:theme
		ADDED from src\main\AndroidManifest.xml:29:9-46
	tools:replace
		ADDED from src\main\AndroidManifest.xml:31:9-44
	android:name
		ADDED from src\main\AndroidManifest.xml:24:9-55
activity#com.instapp.natex.SplashActivity
ADDED from src\main\AndroidManifest.xml:44:9-55:20
	android:screenOrientation
		ADDED from src\main\AndroidManifest.xml:48:13-49
	android:label
		ADDED from src\main\AndroidManifest.xml:47:13-45
	android:configChanges
		ADDED from src\main\AndroidManifest.xml:46:13-74
	android:theme
		ADDED from src\main\AndroidManifest.xml:49:13-50
	android:name
		ADDED from src\main\AndroidManifest.xml:45:13-60
intent-filter#android.intent.action.MAIN+android.intent.category.LAUNCHER
ADDED from src\main\AndroidManifest.xml:50:13-54:29
action#android.intent.action.MAIN
ADDED from src\main\AndroidManifest.xml:51:17-68
	android:name
		ADDED from src\main\AndroidManifest.xml:51:25-66
category#android.intent.category.LAUNCHER
ADDED from src\main\AndroidManifest.xml:53:17-76
	android:name
		ADDED from src\main\AndroidManifest.xml:53:27-74
activity#com.instapp.natex.WXPageActivity
ADDED from src\main\AndroidManifest.xml:56:9-71:20
	android:screenOrientation
		ADDED from src\main\AndroidManifest.xml:59:13-49
	android:label
		ADDED from src\main\AndroidManifest.xml:58:13-45
	android:name
		ADDED from src\main\AndroidManifest.xml:57:13-60
intent-filter#android.intent.action.VIEW+android.intent.category.DEFAULT+com.instapp.natex.protocol.openurl+com.taobao.android.intent.category.WEEX
ADDED from src\main\AndroidManifest.xml:60:13-70:29
action#android.intent.action.VIEW
ADDED from src\main\AndroidManifest.xml:61:17-68
	android:name
		ADDED from src\main\AndroidManifest.xml:61:25-66
action#com.instapp.natex.protocol.openurl
ADDED from src\main\AndroidManifest.xml:62:17-76
	android:name
		ADDED from src\main\AndroidManifest.xml:62:25-74
category#android.intent.category.DEFAULT
ADDED from src\main\AndroidManifest.xml:64:17-75
	android:name
		ADDED from src\main\AndroidManifest.xml:64:27-73
category#com.taobao.android.intent.category.WEEX
ADDED from src\main\AndroidManifest.xml:65:17-83
	android:name
		ADDED from src\main\AndroidManifest.xml:65:27-81
data
ADDED from src\main\AndroidManifest.xml:67:17-46
	android:scheme
		ADDED from src\main\AndroidManifest.xml:67:23-44
activity#com.journeyapps.barcodescanner.CaptureActivity
ADDED from src\main\AndroidManifest.xml:72:9-75:48
MERGED from [com.journeyapps:zxing-android-embedded:3.4.0] AndroidManifest.xml:46:9-52:63
	android:screenOrientation
		ADDED from src\main\AndroidManifest.xml:74:13-49
		REJECTED from [com.journeyapps:zxing-android-embedded:3.4.0] AndroidManifest.xml:49:13-56
	android:clearTaskOnLaunch
		ADDED from [com.journeyapps:zxing-android-embedded:3.4.0] AndroidManifest.xml:48:13-45
	android:stateNotNeeded
		ADDED from [com.journeyapps:zxing-android-embedded:3.4.0] AndroidManifest.xml:50:13-42
	android:windowSoftInputMode
		ADDED from [com.journeyapps:zxing-android-embedded:3.4.0] AndroidManifest.xml:52:13-60
	android:theme
		ADDED from [com.journeyapps:zxing-android-embedded:3.4.0] AndroidManifest.xml:51:13-54
	tools:replace
		ADDED from src\main\AndroidManifest.xml:75:13-46
	android:name
		ADDED from src\main\AndroidManifest.xml:73:13-74
uses-sdk
INJECTED from src\main\AndroidManifest.xml reason: use-sdk injection requested
MERGED from [com.android.support:multidex:1.0.1] AndroidManifest.xml:18:5-42
MERGED from [com.instapp.nat:weex-plugin-camera:1.0.2] AndroidManifest.xml:7:5-9:41
MERGED from [com.instapp.nat:camera:2.0.0] AndroidManifest.xml:7:5-9:41
MERGED from [com.instapp.nat:weex-plugin-communication:1.0.1] AndroidManifest.xml:7:5-9:41
MERGED from [com.instapp.nat:communication:2.0.0] AndroidManifest.xml:7:5-9:41
MERGED from [com.instapp.nat:weex-plugin-device-battery:1.0.0-alpha] AndroidManifest.xml:7:5-9:41
MERGED from [com.instapp.nat:device-battery:2.0.0] AndroidManifest.xml:7:5-9:41
MERGED from [com.instapp.nat:weex-plugin-device-info:1.0.0-alpha] AndroidManifest.xml:7:5-9:41
MERGED from [com.instapp.nat:device-info:2.0.1] AndroidManifest.xml:7:5-9:41
MERGED from [com.instapp.nat:weex-plugin-device-network:1.0.0-alpha.1] AndroidManifest.xml:7:5-9:41
MERGED from [com.instapp.nat:device-network:2.0.1] AndroidManifest.xml:7:5-9:41
MERGED from [com.instapp.nat:weex-plugin-device-screen:1.0.0-alpha.1] AndroidManifest.xml:7:5-9:41
MERGED from [com.instapp.nat:device-screen:2.0.0] AndroidManifest.xml:7:5-9:41
MERGED from [com.instapp.nat:weex-plugin-device-vibration:1.0.0-alpha.1] AndroidManifest.xml:7:5-9:41
MERGED from [com.instapp.nat:device-vibration:2.0.0] AndroidManifest.xml:7:5-9:41
MERGED from [com.instapp.nat:weex-plugin-device-volume:1.0.0-alpha] AndroidManifest.xml:7:5-9:41
MERGED from [com.instapp.nat:device-volume:2.0.0] AndroidManifest.xml:7:5-9:41
MERGED from [com.instapp.nat:weex-plugin-geolocation:1.0.1] AndroidManifest.xml:7:5-9:41
MERGED from [com.instapp.nat:geolocation:2.0.0] AndroidManifest.xml:7:5-9:41
MERGED from [com.instapp.nat:weex-plugin-media-audio:1.0.0-alpha] AndroidManifest.xml:7:5-9:41
MERGED from [com.instapp.nat:media-audio:2.0.0] AndroidManifest.xml:7:5-9:41
MERGED from [com.instapp.nat:weex-plugin-media-image:1.0.1] AndroidManifest.xml:7:5-9:41
MERGED from [com.instapp.nat:media-image:2.0.1] AndroidManifest.xml:8:5-10:41
MERGED from [com.instapp.nat:weex-plugin-media-video:1.0.0-alpha] AndroidManifest.xml:7:5-9:41
MERGED from [com.instapp.nat:media-video:2.0.0] AndroidManifest.xml:7:5-9:41
MERGED from [com.instapp.nat:weex-plugin-modal:1.0.1-alpha] AndroidManifest.xml:7:5-9:41
MERGED from [com.instapp.nat:modal:2.0.0] AndroidManifest.xml:7:5-9:41
MERGED from [com.instapp.nat:weex-plugin-recorder:1.0.1] AndroidManifest.xml:7:5-9:41
MERGED from [com.instapp.nat:recorder:2.0.0] AndroidManifest.xml:8:5-10:41
MERGED from [com.kailashdabhi:om-recorder:1.1.0] AndroidManifest.xml:5:5-7:41
MERGED from [com.instapp.nat:permission:2.0.1] AndroidManifest.xml:7:5-9:41
MERGED from [com.instapp.nat:weex-plugin-sensor-accelerometer:1.0.0-alpha] AndroidManifest.xml:7:5-9:41
MERGED from [com.instapp.nat:sensor-accelerometer:2.0.0] AndroidManifest.xml:7:5-9:41
MERGED from [com.instapp.nat:weex-plugin-sensor-compass:1.0.0-alpha] AndroidManifest.xml:7:5-9:41
MERGED from [com.instapp.nat:sensor-compass:2.0.0] AndroidManifest.xml:7:5-9:41
MERGED from [com.instapp.nat:weex-plugin-stream:1.0.0-alpha] AndroidManifest.xml:7:5-9:41
MERGED from [com.instapp.nat:stream:2.0.0] AndroidManifest.xml:7:5-9:41
MERGED from [com.instapp.nat:weex-plugin-transfer:1.0.0-alpha] AndroidManifest.xml:7:5-9:41
MERGED from [com.instapp.nat:transfer:2.0.0] AndroidManifest.xml:7:5-9:41
MERGED from [com.taobao.android:weex_sdk:0.18.0] AndroidManifest.xml:25:5-27:41
MERGED from [com.android.support:design:26.1.0] AndroidManifest.xml:21:5-23:62
MERGED from [com.android.support:recyclerview-v7:26.1.0] AndroidManifest.xml:20:5-44
MERGED from [com.android.support:transition:26.1.0] AndroidManifest.xml:20:5-44
MERGED from [com.taobao.android:weex_inspector:0.13.5-multicontext] AndroidManifest.xml:8:5-11:60
MERGED from [com.android.support:appcompat-v7:26.1.0] AndroidManifest.xml:21:5-23:78
MERGED from [com.android.support:animated-vector-drawable:26.1.0] AndroidManifest.xml:20:5-44
MERGED from [com.android.support:support-vector-drawable:26.1.0] AndroidManifest.xml:20:5-44
MERGED from [com.journeyapps:zxing-android-embedded:3.4.0] AndroidManifest.xml:19:5-43
MERGED from [com.android.support:support-v4:26.1.0] AndroidManifest.xml:21:5-23:54
MERGED from [com.android.support:support-media-compat:26.1.0] AndroidManifest.xml:21:5-23:63
MERGED from [com.android.support:support-fragment:26.1.0] AndroidManifest.xml:21:5-23:60
MERGED from [com.android.support:support-core-ui:26.1.0] AndroidManifest.xml:21:5-23:58
MERGED from [com.android.support:support-core-utils:26.1.0] AndroidManifest.xml:21:5-23:61
MERGED from [com.android.support:support-compat:26.1.0] AndroidManifest.xml:21:5-23:58
MERGED from [android.arch.lifecycle:runtime:1.0.0] AndroidManifest.xml:20:5-22:41
MERGED from [com.taobao.android:weexplugin-loader:1.3] AndroidManifest.xml:5:5-7:41
	tools:overrideLibrary
		ADDED from [com.android.support:design:26.1.0] AndroidManifest.xml:23:9-59
	android:targetSdkVersion
		INJECTED from src\main\AndroidManifest.xml
		INJECTED from src\main\AndroidManifest.xml
	android:minSdkVersion
		INJECTED from src\main\AndroidManifest.xml
		INJECTED from src\main\AndroidManifest.xml
uses-permission#android.permission.CALL_PHONE
ADDED from [com.instapp.nat:communication:2.0.0] AndroidManifest.xml:11:5-69
	android:name
		ADDED from [com.instapp.nat:communication:2.0.0] AndroidManifest.xml:11:22-66
uses-permission#android.permission.WRITE_SETTINGS
ADDED from [com.instapp.nat:device-screen:2.0.0] AndroidManifest.xml:11:5-73
	android:name
		ADDED from [com.instapp.nat:device-screen:2.0.0] AndroidManifest.xml:11:22-70
uses-permission#android.permission.ACCESS_FINE_LOCATION
ADDED from [com.instapp.nat:geolocation:2.0.0] AndroidManifest.xml:11:5-79
	android:name
		ADDED from [com.instapp.nat:geolocation:2.0.0] AndroidManifest.xml:11:22-76
uses-permission#android.permission.ACCESS_COARSE_LOCATION
ADDED from [com.instapp.nat:geolocation:2.0.0] AndroidManifest.xml:12:5-81
	android:name
		ADDED from [com.instapp.nat:geolocation:2.0.0] AndroidManifest.xml:12:22-78
activity#com.instapp.nat.media.image.multi_image_selector.MultiImageSelectorActivity
ADDED from [com.instapp.nat:media-image:2.0.1] AndroidManifest.xml:22:9-25:52
	android:configChanges
		ADDED from [com.instapp.nat:media-image:2.0.1] AndroidManifest.xml:24:13-59
	android:theme
		ADDED from [com.instapp.nat:media-image:2.0.1] AndroidManifest.xml:25:13-49
	android:name
		ADDED from [com.instapp.nat:media-image:2.0.1] AndroidManifest.xml:23:13-103
activity#com.instapp.nat.media.image.ImagePreviewActivity
ADDED from [com.instapp.nat:media-image:2.0.1] AndroidManifest.xml:26:9-28:54
	android:theme
		ADDED from [com.instapp.nat:media-image:2.0.1] AndroidManifest.xml:28:13-51
	android:name
		ADDED from [com.instapp.nat:media-image:2.0.1] AndroidManifest.xml:27:13-76
activity#com.instapp.nat.media.video.VideoActivity
ADDED from [com.instapp.nat:media-video:2.0.0] AndroidManifest.xml:18:9-78
	android:name
		ADDED from [com.instapp.nat:media-video:2.0.0] AndroidManifest.xml:18:19-75
uses-permission#android.permission.RECORD_AUDIO
ADDED from [com.instapp.nat:recorder:2.0.0] AndroidManifest.xml:12:5-71
MERGED from [com.kailashdabhi:om-recorder:1.1.0] AndroidManifest.xml:9:5-71
	android:name
		ADDED from [com.instapp.nat:recorder:2.0.0] AndroidManifest.xml:12:22-68
receiver#com.taobao.weex.WXGlobalEventReceiver
ADDED from [com.taobao.android:weex_sdk:0.18.0] AndroidManifest.xml:30:9-34:20
	android:enabled
		ADDED from [com.taobao.android:weex_sdk:0.18.0] AndroidManifest.xml:32:13-35
	android:exported
		ADDED from [com.taobao.android:weex_sdk:0.18.0] AndroidManifest.xml:33:13-37
	android:name
		ADDED from [com.taobao.android:weex_sdk:0.18.0] AndroidManifest.xml:31:13-65
meta-data#android.support.VERSION
ADDED from [com.android.support:design:26.1.0] AndroidManifest.xml:26:9-28:38
MERGED from [com.android.support:recyclerview-v7:26.1.0] AndroidManifest.xml:23:9-25:38
MERGED from [com.android.support:transition:26.1.0] AndroidManifest.xml:23:9-25:38
MERGED from [com.android.support:appcompat-v7:26.1.0] AndroidManifest.xml:26:9-28:38
MERGED from [com.android.support:animated-vector-drawable:26.1.0] AndroidManifest.xml:23:9-25:38
MERGED from [com.android.support:support-vector-drawable:26.1.0] AndroidManifest.xml:23:9-25:38
MERGED from [com.android.support:support-v4:26.1.0] AndroidManifest.xml:26:9-28:38
MERGED from [com.android.support:support-media-compat:26.1.0] AndroidManifest.xml:26:9-28:38
MERGED from [com.android.support:support-fragment:26.1.0] AndroidManifest.xml:26:9-28:38
MERGED from [com.android.support:support-core-ui:26.1.0] AndroidManifest.xml:26:9-28:38
MERGED from [com.android.support:support-core-utils:26.1.0] AndroidManifest.xml:26:9-28:38
MERGED from [com.android.support:support-compat:26.1.0] AndroidManifest.xml:26:9-28:38
	android:value
		ADDED from [com.android.support:design:26.1.0] AndroidManifest.xml:28:13-35
	android:name
		ADDED from [com.android.support:design:26.1.0] AndroidManifest.xml:27:13-51
activity#com.taobao.weex.devtools.toolbox.PerformanceActivity
ADDED from [com.taobao.android:weex_inspector:0.13.5-multicontext] AndroidManifest.xml:14:9-19:20
	android:screenOrientation
		ADDED from [com.taobao.android:weex_inspector:0.13.5-multicontext] AndroidManifest.xml:17:13-49
	android:exported
		ADDED from [com.taobao.android:weex_inspector:0.13.5-multicontext] AndroidManifest.xml:16:13-37
	android:theme
		ADDED from [com.taobao.android:weex_inspector:0.13.5-multicontext] AndroidManifest.xml:18:13-53
	android:name
		ADDED from [com.taobao.android:weex_inspector:0.13.5-multicontext] AndroidManifest.xml:15:13-80
uses-feature#android.hardware.camera.front
ADDED from [com.journeyapps:zxing-android-embedded:3.4.0] AndroidManifest.xml:27:5-29:36
	android:required
		ADDED from [com.journeyapps:zxing-android-embedded:3.4.0] AndroidManifest.xml:29:9-33
	android:name
		ADDED from [com.journeyapps:zxing-android-embedded:3.4.0] AndroidManifest.xml:28:9-53
uses-feature#android.hardware.camera.flash
ADDED from [com.journeyapps:zxing-android-embedded:3.4.0] AndroidManifest.xml:35:5-37:36
	android:required
		ADDED from [com.journeyapps:zxing-android-embedded:3.4.0] AndroidManifest.xml:37:9-33
	android:name
		ADDED from [com.journeyapps:zxing-android-embedded:3.4.0] AndroidManifest.xml:36:9-53
uses-feature#android.hardware.screen.landscape
ADDED from [com.journeyapps:zxing-android-embedded:3.4.0] AndroidManifest.xml:38:5-40:36
	android:required
		ADDED from [com.journeyapps:zxing-android-embedded:3.4.0] AndroidManifest.xml:40:9-33
	android:name
		ADDED from [com.journeyapps:zxing-android-embedded:3.4.0] AndroidManifest.xml:39:9-57
uses-feature#android.hardware.wifi
ADDED from [com.journeyapps:zxing-android-embedded:3.4.0] AndroidManifest.xml:41:5-43:36
	android:required
		ADDED from [com.journeyapps:zxing-android-embedded:3.4.0] AndroidManifest.xml:43:9-33
	android:name
		ADDED from [com.journeyapps:zxing-android-embedded:3.4.0] AndroidManifest.xml:42:9-45
meta-data#android.arch.lifecycle.VERSION
ADDED from [android.arch.lifecycle:runtime:1.0.0] AndroidManifest.xml:25:9-27:47
	android:value
		ADDED from [android.arch.lifecycle:runtime:1.0.0] AndroidManifest.xml:27:13-44
	android:name
		ADDED from [android.arch.lifecycle:runtime:1.0.0] AndroidManifest.xml:26:13-58